┌─────────────────────────────────────┐
│┌───────────────────────────────────┐│
││    Query Profiling Information    ││
│└───────────────────────────────────┘│
└─────────────────────────────────────┘
 SELECT     l_orderkey,     sum(l_extendedprice * (1 - l_discount)) AS revenue,     o_orderdate,     o_shippriority FROM     customer     JOIN orders ON (c_custkey=o_custkey)     JOIN lineitem ON (l_orderkey=o_orderkey) WHERE     c_mktsegment = 'BUILDING'     AND o_orderdate < CAST('1995-03-15' AS date)     AND l_shipdate > CAST('1995-03-15' AS date) GROUP BY     l_orderkey,     o_orderdate,     o_shippriority ORDER BY     revenue DESC,     o_orderdate LIMIT 10; 
┌─────────────────────────────────────┐
│┌───────────────────────────────────┐│
││        Total Time: 0.0189s        ││
│└───────────────────────────────────┘│
└─────────────────────────────────────┘
┌───────────────────────────┐                                                          
│           TOP_N           │                                                          
│   ─ ─ ─ ─ ─ ─ ─ ─ ─ ─ ─   │                                                          
│           Top 10          │                                                          
│   ─ ─ ─ ─ ─ ─ ─ ─ ─ ─ ─   │                                                          
│       sum((lineitem       │                                                          
│.l_extendedprice * (1 ...  │                                                          
│    .l_discount))) DESC    │                                                          
│   orders.o_orderdate ASC  │                                                          
│   ─ ─ ─ ─ ─ ─ ─ ─ ─ ─ ─   │                                                          
│             0             │                                                          
│          (0.00s)          │                                                          
└─────────────┬─────────────┘                                                                                       
┌─────────────┴─────────────┐                                                          
│         PROJECTION        │                                                          
│   ─ ─ ─ ─ ─ ─ ─ ─ ─ ─ ─   │                                                          
│         l_orderkey        │                                                          
│          revenue          │                                                          
│        o_orderdate        │                                                          
│       o_shippriority      │                                                          
│   ─ ─ ─ ─ ─ ─ ─ ─ ─ ─ ─   │                                                          
│            1216           │                                                          
│          (0.00s)          │                                                          
└─────────────┬─────────────┘                                                                                       
┌─────────────┴─────────────┐                                                          
│       HASH_GROUP_BY       │                                                          
│   ─ ─ ─ ─ ─ ─ ─ ─ ─ ─ ─   │                                                          
│             #0            │                                                          
│             #1            │                                                          
│             #2            │                                                          
│          sum(#3)          │                                                          
│   ─ ─ ─ ─ ─ ─ ─ ─ ─ ─ ─   │                                                          
│            1216           │                                                          
│          (0.00s)          │                                                          
└─────────────┬─────────────┘                                                                                       
┌─────────────┴─────────────┐                                                          
│         PROJECTION        │                                                          
│   ─ ─ ─ ─ ─ ─ ─ ─ ─ ─ ─   │                                                          
│         l_orderkey        │                                                          
│        o_orderdate        │                                                          
│       o_shippriority      │                                                          
│ (l_extendedprice * (1.00 -│                                                          
│        l_discount))       │                                                          
│   ─ ─ ─ ─ ─ ─ ─ ─ ─ ─ ─   │                                                          
│            3321           │                                                          
│          (0.00s)          │                                                          
└─────────────┬─────────────┘                                                                                       
┌─────────────┴─────────────┐                                                          
│         HASH_JOIN         │                                                          
│   ─ ─ ─ ─ ─ ─ ─ ─ ─ ─ ─   │                                                          
│           INNER           │                                                          
│   o_custkey = c_custkey   ├───────────────────────────────────────────┐              
│   ─ ─ ─ ─ ─ ─ ─ ─ ─ ─ ─   │                                           │              
│            3321           │                                           │              
│          (0.00s)          │                                           │              
└─────────────┬─────────────┘                                           │                                           
┌─────────────┴─────────────┐                             ┌─────────────┴─────────────┐
│         HASH_JOIN         │                             │          SEQ_SCAN         │
│   ─ ─ ─ ─ ─ ─ ─ ─ ─ ─ ─   │                             │   ─ ─ ─ ─ ─ ─ ─ ─ ─ ─ ─   │
│           INNER           │                             │          customer         │
│  l_orderkey = o_orderkey  │                             │   ─ ─ ─ ─ ─ ─ ─ ─ ─ ─ ─   │
│   ─ ─ ─ ─ ─ ─ ─ ─ ─ ─ ─   │                             │         c_custkey         │
│           15095           │                             │        c_mktsegment       │
│          (0.01s)          ├──────────────┐              │   ─ ─ ─ ─ ─ ─ ─ ─ ─ ─ ─   │
│                           │              │              │   Filters: c_mktsegment   │
│                           │              │              │=BUILDING AND c_mktseg...  │
│                           │              │              │            NULL           │
│                           │              │              │   ─ ─ ─ ─ ─ ─ ─ ─ ─ ─ ─   │
│                           │              │              │            3111           │
│                           │              │              │          (0.00s)          │
└─────────────┬─────────────┘              │              └───────────────────────────┘                             
┌─────────────┴─────────────┐┌─────────────┴─────────────┐                             
│          SEQ_SCAN         ││          SEQ_SCAN         │                             
│   ─ ─ ─ ─ ─ ─ ─ ─ ─ ─ ─   ││   ─ ─ ─ ─ ─ ─ ─ ─ ─ ─ ─   │                             
│          lineitem         ││           orders          │                             
│   ─ ─ ─ ─ ─ ─ ─ ─ ─ ─ ─   ││   ─ ─ ─ ─ ─ ─ ─ ─ ─ ─ ─   │                             
│         l_orderkey        ││         o_custkey         │                             
│         l_shipdate        ││         o_orderkey        │                             
│      l_extendedprice      ││        o_orderdate        │                             
│         l_discount        ││       o_shippriority      │                             
│   ─ ─ ─ ─ ─ ─ ─ ─ ─ ─ ─   ││   ─ ─ ─ ─ ─ ─ ─ ─ ─ ─ ─   │                             
│Filters: l_shipdate>1995-03││ Filters: o_orderdate<1995 │                             
│ -15 AND l_shipdate IS NOT ││-03-15 AND o_orderdate...  │                             
│            NULL           ││            NULL           │                             
│   ─ ─ ─ ─ ─ ─ ─ ─ ─ ─ ─   ││   ─ ─ ─ ─ ─ ─ ─ ─ ─ ─ ─   │                             
│           324322          ││           72678           │                             
│          (0.01s)          ││          (0.00s)          │                             
└───────────────────────────┘└───────────────────────────┘                                                          
